{"contracts\\TestToken.sol":{"l":{"9":2,"13":0},"path":"C:\\Users\\romuc\\Desktop\\LMT\\contracts\\TestToken.sol","s":{"1":2,"2":0},"b":{},"f":{"1":2,"2":0},"fnMap":{"1":{"name":"constructor","line":8,"loc":{"start":{"line":8,"column":1},"end":{"line":10,"column":1}}},"2":{"name":"claimTokens","line":12,"loc":{"start":{"line":12,"column":1},"end":{"line":14,"column":1}}}},"statementMap":{"1":{"start":{"line":9,"column":2},"end":{"line":9,"column":27}},"2":{"start":{"line":13,"column":5},"end":{"line":13,"column":29}}},"branchMap":{}},"contracts\\TokenSale.sol":{"l":{"46":1,"47":1,"49":1,"50":1,"52":1,"53":1,"57":12,"59":10,"60":2,"61":2,"62":2,"63":2,"64":2,"65":2,"68":8,"69":2,"70":2,"71":2,"72":2,"73":2,"74":2,"77":6,"81":12,"82":12,"84":12,"85":12,"87":12,"89":12,"90":4,"91":4,"93":4,"97":8,"101":28,"102":28,"103":0,"106":28,"108":28,"109":175,"110":21,"112":154,"115":28,"119":27,"120":27,"121":0,"124":27,"126":27,"127":153,"128":20,"130":133,"133":27,"141":5,"143":1,"144":1,"146":1,"147":1,"151":1,"152":1,"154":1,"155":0,"156":0,"159":1},"path":"C:\\Users\\romuc\\Desktop\\LMT\\contracts\\TokenSale.sol","s":{"1":1,"2":1,"3":1,"4":1,"5":1,"6":1,"7":12,"8":10,"9":2,"10":2,"11":2,"12":2,"13":2,"14":2,"15":8,"16":2,"17":2,"18":2,"19":2,"20":2,"21":2,"22":6,"23":12,"24":12,"25":12,"26":12,"27":12,"28":12,"29":4,"30":4,"31":4,"32":8,"33":28,"34":28,"35":0,"36":28,"37":28,"38":175,"39":154,"40":28,"41":27,"42":27,"43":0,"44":27,"45":27,"46":153,"47":133,"48":27,"49":5,"50":1,"51":1,"52":1,"53":1,"54":1,"55":1,"56":1,"57":0,"58":0,"59":1},"b":{"1":[10,2],"2":[2,8],"3":[2,6],"4":[4,8],"5":[0,28],"6":[21,154],"7":[0,27],"8":[20,133],"9":[1,4],"10":[1,0],"11":[1,0],"12":[0,1]},"f":{"1":1,"2":12,"3":12,"4":8,"5":28,"6":27,"7":5,"8":1},"fnMap":{"1":{"name":"constructor","line":37,"loc":{"start":{"line":37,"column":1},"end":{"line":54,"column":1}}},"2":{"name":"buy","line":56,"loc":{"start":{"line":56,"column":1},"end":{"line":78,"column":1}}},"3":{"name":"claim","line":80,"loc":{"start":{"line":80,"column":1},"end":{"line":94,"column":1}}},"4":{"name":"tokensToClaim","line":96,"loc":{"start":{"line":96,"column":1},"end":{"line":98,"column":1}}},"5":{"name":"calculateTokensToClaimStage1","line":100,"loc":{"start":{"line":100,"column":1},"end":{"line":116,"column":1}}},"6":{"name":"calculateTokensToClaimStage2","line":118,"loc":{"start":{"line":118,"column":1},"end":{"line":134,"column":1}}},"7":{"name":"withdrawUnsoldTokens","line":140,"loc":{"start":{"line":140,"column":1},"end":{"line":148,"column":1}}},"8":{"name":"withdrawLostTokens","line":150,"loc":{"start":{"line":150,"column":1},"end":{"line":160,"column":1}}}},"statementMap":{"1":{"start":{"line":46,"column":2},"end":{"line":46,"column":29}},"2":{"start":{"line":47,"column":2},"end":{"line":47,"column":55}},"3":{"start":{"line":49,"column":2},"end":{"line":49,"column":26}},"4":{"start":{"line":50,"column":2},"end":{"line":50,"column":26}},"5":{"start":{"line":52,"column":2},"end":{"line":52,"column":35}},"6":{"start":{"line":53,"column":2},"end":{"line":53,"column":35}},"7":{"start":{"line":57,"column":2},"end":{"line":57,"column":65}},"8":{"start":{"line":59,"column":2},"end":{"line":59,"column":1530}},"9":{"start":{"line":60,"column":3},"end":{"line":60,"column":62}},"10":{"start":{"line":61,"column":3},"end":{"line":61,"column":34}},"11":{"start":{"line":62,"column":3},"end":{"line":62,"column":69}},"12":{"start":{"line":63,"column":3},"end":{"line":63,"column":47}},"13":{"start":{"line":64,"column":3},"end":{"line":64,"column":41}},"14":{"start":{"line":65,"column":3},"end":{"line":65,"column":9}},"15":{"start":{"line":68,"column":2},"end":{"line":68,"column":1916}},"16":{"start":{"line":69,"column":3},"end":{"line":69,"column":62}},"17":{"start":{"line":70,"column":3},"end":{"line":70,"column":34}},"18":{"start":{"line":71,"column":3},"end":{"line":71,"column":69}},"19":{"start":{"line":72,"column":3},"end":{"line":72,"column":47}},"20":{"start":{"line":73,"column":3},"end":{"line":73,"column":41}},"21":{"start":{"line":74,"column":3},"end":{"line":74,"column":9}},"22":{"start":{"line":77,"column":2},"end":{"line":77,"column":26}},"23":{"start":{"line":81,"column":2},"end":{"line":81,"column":63}},"24":{"start":{"line":82,"column":2},"end":{"line":82,"column":73}},"25":{"start":{"line":84,"column":2},"end":{"line":84,"column":63}},"26":{"start":{"line":85,"column":2},"end":{"line":85,"column":73}},"27":{"start":{"line":87,"column":2},"end":{"line":87,"column":49}},"28":{"start":{"line":89,"column":2},"end":{"line":89,"column":41}},"29":{"start":{"line":90,"column":2},"end":{"line":90,"column":34}},"30":{"start":{"line":91,"column":8},"end":{"line":91,"column":53}},"31":{"start":{"line":93,"column":2},"end":{"line":93,"column":35}},"32":{"start":{"line":97,"column":2},"end":{"line":97,"column":99}},"33":{"start":{"line":101,"column":2},"end":{"line":101,"column":49}},"34":{"start":{"line":102,"column":2},"end":{"line":102,"column":3229}},"35":{"start":{"line":103,"column":3},"end":{"line":103,"column":11}},"36":{"start":{"line":106,"column":2},"end":{"line":106,"column":72}},"37":{"start":{"line":108,"column":2},"end":{"line":108,"column":3353}},"38":{"start":{"line":109,"column":12},"end":{"line":109,"column":3465}},"39":{"start":{"line":112,"column":3},"end":{"line":112,"column":22}},"40":{"start":{"line":115,"column":2},"end":{"line":115,"column":34}},"41":{"start":{"line":119,"column":2},"end":{"line":119,"column":49}},"42":{"start":{"line":120,"column":2},"end":{"line":120,"column":3746}},"43":{"start":{"line":121,"column":3},"end":{"line":121,"column":11}},"44":{"start":{"line":124,"column":2},"end":{"line":124,"column":72}},"45":{"start":{"line":126,"column":2},"end":{"line":126,"column":3870}},"46":{"start":{"line":127,"column":3},"end":{"line":127,"column":3973}},"47":{"start":{"line":130,"column":12},"end":{"line":130,"column":31}},"48":{"start":{"line":133,"column":2},"end":{"line":133,"column":34}},"49":{"start":{"line":141,"column":2},"end":{"line":141,"column":80}},"50":{"start":{"line":143,"column":2},"end":{"line":143,"column":45}},"51":{"start":{"line":144,"column":2},"end":{"line":144,"column":48}},"52":{"start":{"line":146,"column":2},"end":{"line":146,"column":44}},"53":{"start":{"line":147,"column":2},"end":{"line":147,"column":46}},"54":{"start":{"line":151,"column":2},"end":{"line":151,"column":80}},"55":{"start":{"line":152,"column":2},"end":{"line":152,"column":61}},"56":{"start":{"line":154,"column":2},"end":{"line":154,"column":4847}},"57":{"start":{"line":155,"column":3},"end":{"line":155,"column":44}},"58":{"start":{"line":156,"column":3},"end":{"line":156,"column":9}},"59":{"start":{"line":159,"column":2},"end":{"line":159,"column":91}}},"branchMap":{"1":{"line":57,"type":"if","locations":[{"start":{"line":57,"column":2},"end":{"line":57,"column":2}},{"start":{"line":57,"column":2},"end":{"line":57,"column":2}}]},"2":{"line":59,"type":"if","locations":[{"start":{"line":59,"column":2},"end":{"line":59,"column":2}},{"start":{"line":59,"column":2},"end":{"line":59,"column":2}}]},"3":{"line":68,"type":"if","locations":[{"start":{"line":68,"column":2},"end":{"line":68,"column":2}},{"start":{"line":68,"column":2},"end":{"line":68,"column":2}}]},"4":{"line":89,"type":"if","locations":[{"start":{"line":89,"column":2},"end":{"line":89,"column":2}},{"start":{"line":89,"column":2},"end":{"line":89,"column":2}}]},"5":{"line":102,"type":"if","locations":[{"start":{"line":102,"column":2},"end":{"line":102,"column":2}},{"start":{"line":102,"column":2},"end":{"line":102,"column":2}}]},"6":{"line":109,"type":"if","locations":[{"start":{"line":109,"column":12},"end":{"line":109,"column":12}},{"start":{"line":109,"column":12},"end":{"line":109,"column":12}}]},"7":{"line":120,"type":"if","locations":[{"start":{"line":120,"column":2},"end":{"line":120,"column":2}},{"start":{"line":120,"column":2},"end":{"line":120,"column":2}}]},"8":{"line":127,"type":"if","locations":[{"start":{"line":127,"column":3},"end":{"line":127,"column":3}},{"start":{"line":127,"column":3},"end":{"line":127,"column":3}}]},"9":{"line":141,"type":"if","locations":[{"start":{"line":141,"column":2},"end":{"line":141,"column":2}},{"start":{"line":141,"column":2},"end":{"line":141,"column":2}}]},"10":{"line":151,"type":"if","locations":[{"start":{"line":151,"column":2},"end":{"line":151,"column":2}},{"start":{"line":151,"column":2},"end":{"line":151,"column":2}}]},"11":{"line":152,"type":"if","locations":[{"start":{"line":152,"column":2},"end":{"line":152,"column":2}},{"start":{"line":152,"column":2},"end":{"line":152,"column":2}}]},"12":{"line":154,"type":"if","locations":[{"start":{"line":154,"column":2},"end":{"line":154,"column":2}},{"start":{"line":154,"column":2},"end":{"line":154,"column":2}}]}}}}