TN:
SF:C:\Users\romuc\Desktop\LMT\contracts\TestToken.sol
FN:8,constructor
FN:12,claimTokens
FNF:2
FNH:1
FNDA:2,constructor
FNDA:0,claimTokens
DA:9,2
DA:13,0
LF:2
LH:1
BRF:0
BRH:0
end_of_record
TN:
SF:C:\Users\romuc\Desktop\LMT\contracts\TokenSale.sol
FN:37,constructor
FN:56,buy
FN:80,claim
FN:96,tokensToClaim
FN:100,calculateTokensToClaimStage1
FN:118,calculateTokensToClaimStage2
FN:140,withdrawUnsoldTokens
FN:150,withdrawLostTokens
FNF:8
FNH:8
FNDA:1,constructor
FNDA:12,buy
FNDA:12,claim
FNDA:8,tokensToClaim
FNDA:28,calculateTokensToClaimStage1
FNDA:27,calculateTokensToClaimStage2
FNDA:5,withdrawUnsoldTokens
FNDA:1,withdrawLostTokens
DA:46,1
DA:47,1
DA:49,1
DA:50,1
DA:52,1
DA:53,1
DA:57,12
DA:59,10
DA:60,2
DA:61,2
DA:62,2
DA:63,2
DA:64,2
DA:65,2
DA:68,8
DA:69,2
DA:70,2
DA:71,2
DA:72,2
DA:73,2
DA:74,2
DA:77,6
DA:81,12
DA:82,12
DA:84,12
DA:85,12
DA:87,12
DA:89,12
DA:90,4
DA:91,4
DA:93,4
DA:97,8
DA:101,28
DA:102,28
DA:103,0
DA:106,28
DA:108,28
DA:109,175
DA:110,21
DA:112,154
DA:115,28
DA:119,27
DA:120,27
DA:121,0
DA:124,27
DA:126,27
DA:127,153
DA:128,20
DA:130,133
DA:133,27
DA:141,5
DA:143,1
DA:144,1
DA:146,1
DA:147,1
DA:151,1
DA:152,1
DA:154,1
DA:155,0
DA:156,0
DA:159,1
LF:61
LH:57
BRDA:57,1,0,10
BRDA:57,1,1,2
BRDA:59,2,0,2
BRDA:59,2,1,8
BRDA:68,3,0,2
BRDA:68,3,1,6
BRDA:89,4,0,4
BRDA:89,4,1,8
BRDA:102,5,0,0
BRDA:102,5,1,28
BRDA:109,6,0,21
BRDA:109,6,1,154
BRDA:120,7,0,0
BRDA:120,7,1,27
BRDA:127,8,0,20
BRDA:127,8,1,133
BRDA:141,9,0,1
BRDA:141,9,1,4
BRDA:151,10,0,1
BRDA:151,10,1,0
BRDA:152,11,0,1
BRDA:152,11,1,0
BRDA:154,12,0,0
BRDA:154,12,1,1
BRF:24
BRH:19
end_of_record
